#
# There is insufficient memory for the Java Runtime Environment to continue.
# Native memory allocation (mmap) failed to map 134217728 bytes. Error detail: G1 virtual space
# Possible reasons:
#   The system is out of physical RAM or swap space
#   This process is running with CompressedOops enabled, and the Java Heap may be blocking the growth of the native heap
# Possible solutions:
#   Reduce memory load on the system
#   Increase physical memory or swap space
#   Check if swap backing store is full
#   Decrease Java heap size (-Xmx/-Xms)
#   Decrease number of Java threads
#   Decrease Java thread stack sizes (-Xss)
#   Set larger code cache with -XX:ReservedCodeCacheSize=
#   JVM is running with Unscaled Compressed Oops mode in which the Java heap is
#     placed in the first 4GB address space. The Java Heap base address is the
#     maximum limit for the native heap growth. Please use -XX:HeapBaseMinAddress
#     to set the Java Heap base and to place the Java Heap above 4GB virtual address.
# This output file may be truncated or incomplete.
#
#  Out of Memory Error (os_windows.cpp:3898), pid=12776, tid=18848
#
# JRE version:  (21.0.7+9) (build )
# Java VM: OpenJDK 64-Bit Server VM (21.0.7+9-b895.130, mixed mode, sharing, tiered, compressed oops, compressed class ptrs, g1 gc, windows-amd64)
# No core dump will be written. Minidumps are not enabled by default on client versions of Windows
#

---------------  S U M M A R Y ------------

Command Line: -Djava.rmi.server.hostname=127.0.0.1 -Duser.timezone=UTC -Xmx2048m -Xms128m -Djdbc.classpath=C:\Users\ASUS\AppData\Local\Temp\RemoteDriver1.classpath.txt --add-exports=java.desktop/sun.awt=ALL-UNNAMED --add-exports=java.desktop/java.awt.peer=ALL-UNNAMED --add-opens=java.desktop/java.awt=ALL-UNNAMED --add-opens=jdk.unsupported/sun.misc=ALL-UNNAMED --add-opens=java.base/java.nio=ALL-UNNAMED --add-opens=java.base/java.util=ALL-UNNAMED -Dfile.encoding=UTF-8 -Dsun.stdout.encoding=UTF-8 -Dsun.stderr.encoding=UTF-8 com.intellij.database.remote.RemoteJdbcServer org.postgresql.Driver

Host: Intel(R) Core(TM) i5-1035G1 CPU @ 1.00GHz, 8 cores, 11G,  Windows 11 , 64 bit Build 22621 (10.0.22621.5262)
Time: Wed Jul 16 20:41:11 2025 Sri Lanka Standard Time elapsed time: 0.412016 seconds (0d 0h 0m 0s)

---------------  T H R E A D  ---------------

Current thread (0x00000161b1731620):  JavaThread "Unknown thread" [_thread_in_vm, id=18848, stack(0x0000003c3de00000,0x0000003c3df00000) (1024K)]

Stack: [0x0000003c3de00000,0x0000003c3df00000]
Native frames: (J=compiled Java code, j=interpreted, Vv=VM code, C=native code)
V  [jvm.dll+0x6e6049]
V  [jvm.dll+0x8c4343]
V  [jvm.dll+0x8c689e]
V  [jvm.dll+0x8c6f83]
V  [jvm.dll+0x289266]
V  [jvm.dll+0x6e28c5]
V  [jvm.dll+0x6d634a]
V  [jvm.dll+0x36388b]
V  [jvm.dll+0x36b456]
V  [jvm.dll+0x3bd7e6]
V  [jvm.dll+0x3bdab8]
V  [jvm.dll+0x335fdc]
V  [jvm.dll+0x336ccb]
V  [jvm.dll+0x88b7a9]
V  [jvm.dll+0x3ca9b8]
V  [jvm.dll+0x8747f8]
V  [jvm.dll+0x45f3ce]
V  [jvm.dll+0x4610b1]
C  [jli.dll+0x52ab]
C  [ucrtbase.dll+0x29333]
C  [KERNEL32.DLL+0x1259d]
C  [ntdll.dll+0x5af58]


---------------  P R O C E S S  ---------------

Threads class SMR info:
_java_thread_list=0x00007ffbd96db148, length=0, elements={
}

Java Threads: ( => current thread )
Total: 0

Other Threads:
  0x00000161b3b33ab0 WorkerThread "GC Thread#0"                     [id=9728, stack(0x0000003c3df00000,0x0000003c3e000000) (1024K)]
  0x00000161b3b44cc0 ConcurrentGCThread "G1 Main Marker"            [id=8624, stack(0x0000003c3e000000,0x0000003c3e100000) (1024K)]
  0x00000161b3b45f60 WorkerThread "G1 Conc#0"                       [id=17440, stack(0x0000003c3e100000,0x0000003c3e200000) (1024K)]

[error occurred during error reporting (printing all threads), id 0xc0000005, EXCEPTION_ACCESS_VIOLATION (0xc0000005) at pc=0x00007ffbd8dc90b7]
VM state: not at safepoint (not fully initialized)

VM Mutex/Monitor currently owned by a thread:  ([mutex/lock_event])
[0x00007ffbd974fab8] Heap_lock - owner thread: 0x00000161b1731620

Heap address: 0x0000000080000000, size: 2048 MB, Compressed Oops mode: 32-bit

CDS archive(s) mapped at: [0x0000000000000000-0x0000000000000000-0x0000000000000000), size 0, SharedBaseAddress: 0x0000000800000000, ArchiveRelocationMode: 1.
Narrow klass base: 0x0000000000000000, Narrow klass shift: 0, Narrow klass range: 0x0

GC Precious Log:
 CardTable entry size: 512
 Card Set container configuration: InlinePtr #cards 5 size 8 Array Of Cards #cards 12 size 40 Howl #buckets 4 coarsen threshold 1843 Howl Bitmap #cards 512 size 80 coarsen threshold 460 Card regions per heap region 1 cards per card region 2048

Heap:
 garbage-first heap   total 0K, used 0K [0x0000000080000000, 0x0000000100000000)
  region size 1024K, 0 young (0K), 0 survivors (0K)
 Metaspace       used 0K, committed 0K, reserved 0K
  class space    used 0K, committed 0K, reserved 0K

Heap Regions: E=young(eden), S=young(survivor), O=old, HS=humongous(starts), HC=humongous(continues), CS=collection set, F=free, TAMS=top-at-mark-start, PB=parsable bottom

Card table byte_map: [0x00000161c7250000,0x00000161c7650000] _byte_map_base: 0x00000161c6e50000

Marking Bits: (CMBitMap*) 0x00000161b3b341b0
 Bits: [0x00000161c7650000, 0x00000161c9650000)

GC Heap History (0 events):
No events

Dll operation events (1 events):
Event: 0.332 Loaded shared library C:\Program Files\JetBrains\IntelliJ IDEA 2025.1.3\jbr\bin\java.dll

Deoptimization events (0 events):
No events

Classes loaded (0 events):
No events

Classes unloaded (0 events):
No events

Classes redefined (0 events):
No events

Internal exceptions (0 events):
No events

ZGC Phase Switch (0 events):
No events

VM Operations (0 events):
No events

Memory protections (0 events):
No events

Nmethod flushes (0 events):
No events

Events (0 events):
No events


Dynamic libraries:
0x00007ff7069b0000 - 0x00007ff7069ba000 	C:\Program Files\JetBrains\IntelliJ IDEA 2025.1.3\jbr\bin\java.exe
0x00007ffc95c10000 - 0x00007ffc95e27000 	C:\WINDOWS\SYSTEM32\ntdll.dll
0x00007ffc94c70000 - 0x00007ffc94d34000 	C:\WINDOWS\System32\KERNEL32.DLL
0x00007ffc92d30000 - 0x00007ffc93103000 	C:\WINDOWS\System32\KERNELBASE.dll
0x00007ffc93450000 - 0x00007ffc93561000 	C:\WINDOWS\System32\ucrtbase.dll
0x00007ffc89a90000 - 0x00007ffc89aab000 	C:\Program Files\JetBrains\IntelliJ IDEA 2025.1.3\jbr\bin\VCRUNTIME140.dll
0x00007ffc89d80000 - 0x00007ffc89d98000 	C:\Program Files\JetBrains\IntelliJ IDEA 2025.1.3\jbr\bin\jli.dll
0x00007ffc939c0000 - 0x00007ffc93b71000 	C:\WINDOWS\System32\USER32.dll
0x00007ffc7d410000 - 0x00007ffc7d6ab000 	C:\WINDOWS\WinSxS\amd64_microsoft.windows.common-controls_6595b64144ccf1df_6.0.22621.5262_none_2712bde373830908\COMCTL32.dll
0x00007ffc93380000 - 0x00007ffc933a6000 	C:\WINDOWS\System32\win32u.dll
0x00007ffc94f50000 - 0x00007ffc94ff7000 	C:\WINDOWS\System32\msvcrt.dll
0x00007ffc95120000 - 0x00007ffc95149000 	C:\WINDOWS\System32\GDI32.dll
0x00007ffc93250000 - 0x00007ffc93372000 	C:\WINDOWS\System32\gdi32full.dll
0x00007ffc933b0000 - 0x00007ffc9344a000 	C:\WINDOWS\System32\msvcp_win.dll
0x00007ffc94dd0000 - 0x00007ffc94e01000 	C:\WINDOWS\System32\IMM32.DLL
0x00007ffc8d980000 - 0x00007ffc8d98c000 	C:\Program Files\JetBrains\IntelliJ IDEA 2025.1.3\jbr\bin\vcruntime140_1.dll
0x00007ffc4d020000 - 0x00007ffc4d0ad000 	C:\Program Files\JetBrains\IntelliJ IDEA 2025.1.3\jbr\bin\msvcp140.dll
0x00007ffbd8a80000 - 0x00007ffbd9841000 	C:\Program Files\JetBrains\IntelliJ IDEA 2025.1.3\jbr\bin\server\jvm.dll
0x00007ffc93ba0000 - 0x00007ffc93c51000 	C:\WINDOWS\System32\ADVAPI32.dll
0x00007ffc94ea0000 - 0x00007ffc94f47000 	C:\WINDOWS\System32\sechost.dll
0x00007ffc92d00000 - 0x00007ffc92d28000 	C:\WINDOWS\System32\bcrypt.dll
0x00007ffc938a0000 - 0x00007ffc939b4000 	C:\WINDOWS\System32\RPCRT4.dll
0x00007ffc93d10000 - 0x00007ffc93d81000 	C:\WINDOWS\System32\WS2_32.dll
0x00007ffc92be0000 - 0x00007ffc92c2d000 	C:\WINDOWS\SYSTEM32\POWRPROF.dll
0x00007ffc8e200000 - 0x00007ffc8e20a000 	C:\WINDOWS\SYSTEM32\VERSION.dll
0x00007ffc8b610000 - 0x00007ffc8b644000 	C:\WINDOWS\SYSTEM32\WINMM.dll
0x00007ffc92bc0000 - 0x00007ffc92bd3000 	C:\WINDOWS\SYSTEM32\UMPDC.dll
0x00007ffc91ca0000 - 0x00007ffc91cb8000 	C:\WINDOWS\SYSTEM32\kernel.appcore.dll
0x00007ffc7b620000 - 0x00007ffc7b62a000 	C:\Program Files\JetBrains\IntelliJ IDEA 2025.1.3\jbr\bin\jimage.dll
0x00007ffc90650000 - 0x00007ffc90882000 	C:\WINDOWS\SYSTEM32\DBGHELP.DLL
0x00007ffc940d0000 - 0x00007ffc94463000 	C:\WINDOWS\System32\combase.dll
0x00007ffc94b80000 - 0x00007ffc94c57000 	C:\WINDOWS\System32\OLEAUT32.dll
0x00007ffc7ca10000 - 0x00007ffc7ca42000 	C:\WINDOWS\SYSTEM32\dbgcore.DLL
0x00007ffc936b0000 - 0x00007ffc9372b000 	C:\WINDOWS\System32\bcryptPrimitives.dll
0x00007ffc74610000 - 0x00007ffc74630000 	C:\Program Files\JetBrains\IntelliJ IDEA 2025.1.3\jbr\bin\java.dll

dbghelp: loaded successfully - version: 4.0.5 - missing functions: none
symbol engine: initialized successfully - sym options: 0x614 - pdb path: .;C:\Program Files\JetBrains\IntelliJ IDEA 2025.1.3\jbr\bin;C:\WINDOWS\SYSTEM32;C:\WINDOWS\WinSxS\amd64_microsoft.windows.common-controls_6595b64144ccf1df_6.0.22621.5262_none_2712bde373830908;C:\Program Files\JetBrains\IntelliJ IDEA 2025.1.3\jbr\bin\server

VM Arguments:
jvm_args: -Djava.rmi.server.hostname=127.0.0.1 -Duser.timezone=UTC -Xmx2048m -Xms128m -Djdbc.classpath=C:\Users\ASUS\AppData\Local\Temp\RemoteDriver1.classpath.txt --add-exports=java.desktop/sun.awt=ALL-UNNAMED --add-exports=java.desktop/java.awt.peer=ALL-UNNAMED --add-opens=java.desktop/java.awt=ALL-UNNAMED --add-opens=jdk.unsupported/sun.misc=ALL-UNNAMED --add-opens=java.base/java.nio=ALL-UNNAMED --add-opens=java.base/java.util=ALL-UNNAMED -Dfile.encoding=UTF-8 -Dsun.stdout.encoding=UTF-8 -Dsun.stderr.encoding=UTF-8 
java_command: com.intellij.database.remote.RemoteJdbcServer org.postgresql.Driver
java_class_path (initial): C:\Program Files\JetBrains\IntelliJ IDEA 2025.1.3\lib\util_rt.jar;C:\Program Files\JetBrains\IntelliJ IDEA 2025.1.3\lib\util-8.jar;C:\Program Files\JetBrains\IntelliJ IDEA 2025.1.3\lib\groovy.jar;C:\Program Files\JetBrains\IntelliJ IDEA 2025.1.3\plugins\DatabaseTools\lib\jdbc-console.jar;C:\Program Files\JetBrains\IntelliJ IDEA 2025.1.3\lib\modules\intellij.grid.types.jar;C:\Program Files\JetBrains\IntelliJ IDEA 2025.1.3\lib\util.jar;C:\Program Files\JetBrains\IntelliJ IDEA 2025.1.3\lib\bouncy-castle.jar
Launcher Type: SUN_STANDARD

[Global flags]
     intx CICompilerCount                          = 4                                         {product} {ergonomic}
     uint ConcGCThreads                            = 2                                         {product} {ergonomic}
     uint G1ConcRefinementThreads                  = 8                                         {product} {ergonomic}
   size_t G1HeapRegionSize                         = 1048576                                   {product} {ergonomic}
    uintx GCDrainStackTargetSize                   = 64                                        {product} {ergonomic}
   size_t InitialHeapSize                          = 134217728                                 {product} {command line}
   size_t MarkStackSize                            = 4194304                                   {product} {ergonomic}
   size_t MaxHeapSize                              = 2147483648                                {product} {command line}
   size_t MinHeapDeltaBytes                        = 1048576                                   {product} {ergonomic}
   size_t MinHeapSize                              = 134217728                                 {product} {command line}
    uintx NonNMethodCodeHeapSize                   = 5839372                                {pd product} {ergonomic}
    uintx NonProfiledCodeHeapSize                  = 122909434                              {pd product} {ergonomic}
    uintx ProfiledCodeHeapSize                     = 122909434                              {pd product} {ergonomic}
    uintx ReservedCodeCacheSize                    = 251658240                              {pd product} {ergonomic}
     bool SegmentedCodeCache                       = true                                      {product} {ergonomic}
   size_t SoftMaxHeapSize                          = 2147483648                             {manageable} {ergonomic}
     bool UseCompressedOops                        = true                           {product lp64_product} {ergonomic}
     bool UseG1GC                                  = true                                      {product} {ergonomic}
     bool UseLargePagesIndividualAllocation        = false                                  {pd product} {ergonomic}

Logging:
Log output configuration:
 #0: stdout all=warning uptime,level,tags foldmultilines=false
 #1: stderr all=off uptime,level,tags foldmultilines=false

Environment Variables:
JAVA_HOME=C:\Program Files\Eclipse Adoptium\jdk-21.0.7.6-hotspot\
PATH=C:\Program Files\Eclipse Adoptium\jdk-21.0.7.6-hotspot\bin;C:\WINDOWS\system32;C:\WINDOWS;C:\WINDOWS\System32\Wbem;C:\WINDOWS\System32\WindowsPowerShell\v1.0\;C:\WINDOWS\System32\OpenSSH\;C:\Program Files\dotnet\;C:\Program Files\nodejs\;C:\ProgramData\chocolatey\bin;C:\Program Files\Git\cmd;C:\iverilog\bin;C:\Program Files\apache-maven-3.9.11\bin;C:\Users\ASUS\AppData\Local\Programs\Python\Python313\Scripts\;C:\Users\ASUS\AppData\Local\Programs\Python\Python313\;C:\msys64\ucrt64\bin;C:\MinGW\bin;C:\Users\ASUS\AppData\Local\Programs\Microsoft VS Code\bin;C:\Users\ASUS\AppData\Roaming\npm;C:\Program Files\JetBrains\IntelliJ IDEA 2025.1.3\bin;;C:\iverilog\bin;C:\iverilog\gtkwave\bin
USERNAME=ASUS
OS=Windows_NT
PROCESSOR_IDENTIFIER=Intel64 Family 6 Model 126 Stepping 5, GenuineIntel
TMP=C:\Users\ASUS\AppData\Local\Temp
TEMP=C:\Users\ASUS\AppData\Local\Temp




Periodic native trim disabled

JNI global refs:
JNI global refs: 0, weak refs: 0

JNI global refs memory usage: 0, weak refs: 0

Process memory usage:
Resident Set Size: 11832K (0% of 12313860K total physical memory with 2697960K free physical memory)

OOME stack traces (most recent first):
Classloader memory used:

---------------  S Y S T E M  ---------------

OS:
 Windows 11 , 64 bit Build 22621 (10.0.22621.5262)
OS uptime: 0 days 4:57 hours
Hyper-V role detected

CPU: total 8 (initial active 8) (4 cores per cpu, 2 threads per core) family 6 model 126 stepping 5 microcode 0xb8, cx8, cmov, fxsr, ht, mmx, 3dnowpref, sse, sse2, sse3, ssse3, sse4.1, sse4.2, popcnt, lzcnt, tsc, tscinvbit, avx, avx2, aes, erms, clmul, bmi1, bmi2, adx, avx512f, avx512dq, avx512cd, avx512bw, avx512vl, sha, fma, vzeroupper, avx512_vpopcntdq, avx512_vpclmulqdq, avx512_vaes, avx512_vnni, clflush, clflushopt, avx512_vbmi2, avx512_vbmi, hv, rdtscp, rdpid, fsrm, gfni, avx512_bitalg, f16c, avx512_ifma
Processor Information for the first 8 processors :
  Max Mhz: 1190, Current Mhz: 991, Mhz Limit: 987

Memory: 4k page, system-wide physical 12025M (2634M free)
TotalPageFile size 12025M (AvailPageFile size 94M)
current process WorkingSet (physical memory assigned to process): 11M, peak: 11M
current process commit charge ("private bytes"): 60M, peak: 188M

vm_info: OpenJDK 64-Bit Server VM (21.0.7+9-b895.130) for windows-amd64 JRE (21.0.7+9-b895.130), built on 2025-05-13 by "builduser" with MS VC++ 16.10 / 16.11 (VS2019)

END.
